<?xml version="1.0" encoding="UTF-8"?>
<!-- Generated by org.testng.reporters.JUnitReportReporter -->
<testsuite hostname="Pavans-MacBook-Air.local" failures="0" tests="4" name="com.Test.AutomationTest" time="13.215" errors="0" timestamp="2025-07-10T10:31:20 IST" skipped="0">
  <testcase classname="com.Test.AutomationTest" name="quit" time="0.108"/>
  <testcase classname="com.Test.AutomationTest" name="Test1" time="10.796"/>
  <testcase classname="com.Test.AutomationTest" name="Test2" time="1.867"/>
  <testcase classname="com.Test.AutomationTest" name="Test3" time="0.444"/>
</testsuite> <!-- com.Test.AutomationTest -->
