<?xml version="1.0" encoding="UTF-8"?>
<!-- Generated by org.testng.reporters.JUnitReportReporter -->
<testsuite hostname="Pavans-MacBook-Air.local" failures="0" tests="1" name="com.Test.ArmstrongNumber" time="0.008" errors="0" timestamp="2025-07-10T10:20:09 IST" skipped="0">
  <testcase classname="com.Test.ArmstrongNumber" name="armNumber" time="0.008"/>
</testsuite> <!-- com.Test.ArmstrongNumber -->
